2021-04-13 13:11:56,597 INFO com.cg.trg.app.OnlineDryCleaningAppApplication [restartedMain] Starting OnlineDryCleaningAppApplication using Java 15.0.2 on DESKTOP-MansiTyagi with PID 12584 (C:\Users\hp\git\repository\OnlineDryCleaningApp\target\classes started by hp in C:\Users\hp\git\repository\OnlineDryCleaningApp)
2021-04-13 13:11:57,134 DEBUG com.cg.trg.app.OnlineDryCleaningAppApplication [restartedMain] Running with Spring Boot v2.4.3, Spring v5.3.4
2021-04-13 13:11:57,135 INFO com.cg.trg.app.OnlineDryCleaningAppApplication [restartedMain] No active profile set, falling back to default profiles: default
2021-04-13 13:11:57,629 INFO org.springframework.boot.devtools.env.DevToolsPropertyDefaultsPostProcessor [restartedMain] Devtools property defaults active! Set 'spring.devtools.add-properties' to 'false' to disable
2021-04-13 13:11:57,655 INFO org.springframework.boot.devtools.env.DevToolsPropertyDefaultsPostProcessor [restartedMain] For additional web related logging consider setting the 'logging.level.web' property to 'DEBUG'
2021-04-13 13:12:05,008 INFO org.springframework.data.repository.config.RepositoryConfigurationDelegate [restartedMain] Bootstrapping Spring Data JPA repositories in DEFAULT mode.
2021-04-13 13:12:05,401 INFO org.springframework.data.repository.config.RepositoryConfigurationDelegate [restartedMain] Finished Spring Data repository scanning in 289 ms. Found 9 JPA repository interfaces.
2021-04-13 13:12:12,309 INFO org.springframework.boot.web.embedded.tomcat.TomcatWebServer [restartedMain] Tomcat initialized with port(s): 8080 (http)
2021-04-13 13:12:12,415 INFO org.apache.coyote.http11.Http11NioProtocol [restartedMain] Initializing ProtocolHandler ["http-nio-8080"]
2021-04-13 13:12:12,417 INFO org.apache.catalina.core.StandardService [restartedMain] Starting service [Tomcat]
2021-04-13 13:12:12,419 INFO org.apache.catalina.core.StandardEngine [restartedMain] Starting Servlet engine: [Apache Tomcat/9.0.43]
2021-04-13 13:12:12,887 INFO org.apache.catalina.core.ContainerBase.[Tomcat].[localhost].[/springfox] [restartedMain] Initializing Spring embedded WebApplicationContext
2021-04-13 13:12:12,887 INFO org.springframework.boot.web.servlet.context.ServletWebServerApplicationContext [restartedMain] Root WebApplicationContext: initialization completed in 15231 ms
2021-04-13 13:12:14,161 INFO org.hibernate.jpa.internal.util.LogHelper [restartedMain] HHH000204: Processing PersistenceUnitInfo [name: default]
2021-04-13 13:12:14,544 INFO org.hibernate.Version [restartedMain] HHH000412: Hibernate ORM core version 5.4.28.Final
2021-04-13 13:12:15,372 INFO org.hibernate.annotations.common.Version [restartedMain] HCANN000001: Hibernate Commons Annotations {5.1.2.Final}
2021-04-13 13:12:16,071 INFO com.zaxxer.hikari.HikariDataSource [restartedMain] HikariPool-1 - Starting...
2021-04-13 13:12:19,203 INFO com.zaxxer.hikari.HikariDataSource [restartedMain] HikariPool-1 - Start completed.
2021-04-13 13:12:19,384 INFO org.hibernate.dialect.Dialect [restartedMain] HHH000400: Using dialect: org.hibernate.dialect.PostgreSQL10Dialect
2021-04-13 13:12:27,228 INFO org.hibernate.engine.transaction.jta.platform.internal.JtaPlatformInitiator [restartedMain] HHH000490: Using JtaPlatform implementation: [org.hibernate.engine.transaction.jta.platform.internal.NoJtaPlatform]
2021-04-13 13:12:27,268 INFO org.springframework.orm.jpa.LocalContainerEntityManagerFactoryBean [restartedMain] Initialized JPA EntityManagerFactory for persistence unit 'default'
2021-04-13 13:12:27,312 INFO org.springframework.boot.devtools.autoconfigure.OptionalLiveReloadServer [restartedMain] LiveReload server is running on port 35729
2021-04-13 13:12:29,944 WARN org.springframework.boot.autoconfigure.orm.jpa.JpaBaseConfiguration$JpaWebConfiguration [restartedMain] spring.jpa.open-in-view is enabled by default. Therefore, database queries may be performed during view rendering. Explicitly configure spring.jpa.open-in-view to disable this warning
2021-04-13 13:12:30,703 INFO org.springframework.boot.actuate.endpoint.web.EndpointLinksResolver [restartedMain] Exposing 2 endpoint(s) beneath base path '/actuator'
2021-04-13 13:12:31,810 INFO org.apache.coyote.http11.Http11NioProtocol [restartedMain] Starting ProtocolHandler ["http-nio-8080"]
2021-04-13 13:12:31,869 WARN org.springframework.boot.web.servlet.context.AnnotationConfigServletWebServerApplicationContext [restartedMain] Exception encountered during context initialization - cancelling refresh attempt: org.springframework.context.ApplicationContextException: Failed to start bean 'webServerStartStop'; nested exception is org.springframework.boot.web.server.PortInUseException: Port 8080 is already in use
2021-04-13 13:12:31,881 INFO org.springframework.orm.jpa.LocalContainerEntityManagerFactoryBean [restartedMain] Closing JPA EntityManagerFactory for persistence unit 'default'
2021-04-13 13:12:31,886 INFO com.zaxxer.hikari.HikariDataSource [restartedMain] HikariPool-1 - Shutdown initiated...
2021-04-13 13:12:31,892 INFO com.zaxxer.hikari.HikariDataSource [restartedMain] HikariPool-1 - Shutdown completed.
2021-04-13 13:12:31,897 INFO org.apache.coyote.http11.Http11NioProtocol [restartedMain] Pausing ProtocolHandler ["http-nio-8080"]
2021-04-13 13:12:31,897 INFO org.apache.catalina.core.StandardService [restartedMain] Stopping service [Tomcat]
2021-04-13 13:12:32,044 INFO org.apache.coyote.http11.Http11NioProtocol [restartedMain] Stopping ProtocolHandler ["http-nio-8080"]
2021-04-13 13:12:32,045 INFO org.apache.coyote.http11.Http11NioProtocol [restartedMain] Destroying ProtocolHandler ["http-nio-8080"]
2021-04-13 13:12:32,067 INFO org.springframework.boot.autoconfigure.logging.ConditionEvaluationReportLoggingListener [restartedMain] 

Error starting ApplicationContext. To display the conditions report re-run your application with 'debug' enabled.
2021-04-13 13:12:32,261 ERROR org.springframework.boot.diagnostics.LoggingFailureAnalysisReporter [restartedMain] 

***************************
APPLICATION FAILED TO START
***************************

Description:

Web server failed to start. Port 8080 was already in use.

Action:

Identify and stop the process that's listening on port 8080 or configure this application to listen on another port.

2021-04-13 14:40:42,733 INFO com.cg.trg.app.OnlineDryCleaningAppApplication [restartedMain] Starting OnlineDryCleaningAppApplication using Java 15.0.2 on DESKTOP-MansiTyagi with PID 15768 (C:\Users\hp\git\repository\OnlineDryCleaningApp\target\classes started by hp in C:\Users\hp\git\repository\OnlineDryCleaningApp)
2021-04-13 14:40:42,871 DEBUG com.cg.trg.app.OnlineDryCleaningAppApplication [restartedMain] Running with Spring Boot v2.4.3, Spring v5.3.4
2021-04-13 14:40:42,872 INFO com.cg.trg.app.OnlineDryCleaningAppApplication [restartedMain] No active profile set, falling back to default profiles: default
2021-04-13 14:40:43,812 INFO org.springframework.boot.devtools.env.DevToolsPropertyDefaultsPostProcessor [restartedMain] Devtools property defaults active! Set 'spring.devtools.add-properties' to 'false' to disable
2021-04-13 14:40:43,812 INFO org.springframework.boot.devtools.env.DevToolsPropertyDefaultsPostProcessor [restartedMain] For additional web related logging consider setting the 'logging.level.web' property to 'DEBUG'
2021-04-13 14:40:48,258 INFO org.springframework.data.repository.config.RepositoryConfigurationDelegate [restartedMain] Bootstrapping Spring Data JPA repositories in DEFAULT mode.
2021-04-13 14:40:48,528 INFO org.springframework.data.repository.config.RepositoryConfigurationDelegate [restartedMain] Finished Spring Data repository scanning in 203 ms. Found 9 JPA repository interfaces.
2021-04-13 14:40:52,126 INFO org.springframework.boot.web.embedded.tomcat.TomcatWebServer [restartedMain] Tomcat initialized with port(s): 8080 (http)
2021-04-13 14:40:52,198 INFO org.apache.coyote.http11.Http11NioProtocol [restartedMain] Initializing ProtocolHandler ["http-nio-8080"]
2021-04-13 14:40:52,199 INFO org.apache.catalina.core.StandardService [restartedMain] Starting service [Tomcat]
2021-04-13 14:40:52,199 INFO org.apache.catalina.core.StandardEngine [restartedMain] Starting Servlet engine: [Apache Tomcat/9.0.43]
2021-04-13 14:40:52,610 INFO org.apache.catalina.core.ContainerBase.[Tomcat].[localhost].[/springfox] [restartedMain] Initializing Spring embedded WebApplicationContext
2021-04-13 14:40:52,610 INFO org.springframework.boot.web.servlet.context.ServletWebServerApplicationContext [restartedMain] Root WebApplicationContext: initialization completed in 8769 ms
2021-04-13 14:40:53,655 INFO org.hibernate.jpa.internal.util.LogHelper [restartedMain] HHH000204: Processing PersistenceUnitInfo [name: default]
2021-04-13 14:40:54,023 INFO org.hibernate.Version [restartedMain] HHH000412: Hibernate ORM core version 5.4.28.Final
2021-04-13 14:40:54,604 INFO org.hibernate.annotations.common.Version [restartedMain] HCANN000001: Hibernate Commons Annotations {5.1.2.Final}
2021-04-13 14:40:55,058 INFO com.zaxxer.hikari.HikariDataSource [restartedMain] HikariPool-1 - Starting...
2021-04-13 14:40:57,753 INFO com.zaxxer.hikari.HikariDataSource [restartedMain] HikariPool-1 - Start completed.
2021-04-13 14:40:58,156 INFO org.hibernate.dialect.Dialect [restartedMain] HHH000400: Using dialect: org.hibernate.dialect.PostgreSQL10Dialect
2021-04-13 14:41:04,059 INFO org.hibernate.engine.transaction.jta.platform.internal.JtaPlatformInitiator [restartedMain] HHH000490: Using JtaPlatform implementation: [org.hibernate.engine.transaction.jta.platform.internal.NoJtaPlatform]
2021-04-13 14:41:04,080 INFO org.springframework.orm.jpa.LocalContainerEntityManagerFactoryBean [restartedMain] Initialized JPA EntityManagerFactory for persistence unit 'default'
2021-04-13 14:41:04,105 INFO org.springframework.boot.devtools.autoconfigure.OptionalLiveReloadServer [restartedMain] LiveReload server is running on port 35729
2021-04-13 14:41:05,876 WARN org.springframework.boot.autoconfigure.orm.jpa.JpaBaseConfiguration$JpaWebConfiguration [restartedMain] spring.jpa.open-in-view is enabled by default. Therefore, database queries may be performed during view rendering. Explicitly configure spring.jpa.open-in-view to disable this warning
2021-04-13 14:41:06,267 INFO org.springframework.boot.actuate.endpoint.web.EndpointLinksResolver [restartedMain] Exposing 2 endpoint(s) beneath base path '/actuator'
2021-04-13 14:41:07,140 INFO org.apache.coyote.http11.Http11NioProtocol [restartedMain] Starting ProtocolHandler ["http-nio-8080"]
2021-04-13 14:41:07,211 WARN org.springframework.boot.web.servlet.context.AnnotationConfigServletWebServerApplicationContext [restartedMain] Exception encountered during context initialization - cancelling refresh attempt: org.springframework.context.ApplicationContextException: Failed to start bean 'webServerStartStop'; nested exception is org.springframework.boot.web.server.PortInUseException: Port 8080 is already in use
2021-04-13 14:41:07,223 INFO org.springframework.orm.jpa.LocalContainerEntityManagerFactoryBean [restartedMain] Closing JPA EntityManagerFactory for persistence unit 'default'
2021-04-13 14:41:07,228 INFO com.zaxxer.hikari.HikariDataSource [restartedMain] HikariPool-1 - Shutdown initiated...
2021-04-13 14:41:07,236 INFO com.zaxxer.hikari.HikariDataSource [restartedMain] HikariPool-1 - Shutdown completed.
2021-04-13 14:41:07,242 INFO org.apache.coyote.http11.Http11NioProtocol [restartedMain] Pausing ProtocolHandler ["http-nio-8080"]
2021-04-13 14:41:07,243 INFO org.apache.catalina.core.StandardService [restartedMain] Stopping service [Tomcat]
2021-04-13 14:41:07,267 INFO org.apache.coyote.http11.Http11NioProtocol [restartedMain] Stopping ProtocolHandler ["http-nio-8080"]
2021-04-13 14:41:07,268 INFO org.apache.coyote.http11.Http11NioProtocol [restartedMain] Destroying ProtocolHandler ["http-nio-8080"]
2021-04-13 14:41:07,290 INFO org.springframework.boot.autoconfigure.logging.ConditionEvaluationReportLoggingListener [restartedMain] 

Error starting ApplicationContext. To display the conditions report re-run your application with 'debug' enabled.
2021-04-13 14:41:07,422 ERROR org.springframework.boot.diagnostics.LoggingFailureAnalysisReporter [restartedMain] 

***************************
APPLICATION FAILED TO START
***************************

Description:

Web server failed to start. Port 8080 was already in use.

Action:

Identify and stop the process that's listening on port 8080 or configure this application to listen on another port.

